#
# A fatal error has been detected by the Java Runtime Environment:
#
#  Internal Error (javaClasses.cpp:126), pid=10320, tid=8860
#  fatal error: Invalid layout of preloaded class
#
# JRE version:  (8.0_20-b26) (build )
# Java VM: Java HotSpot(TM) 64-Bit Server VM (25.20-b23 mixed mode windows-amd64 compressed oops)
# Failed to write core dump. Minidumps are not enabled by default on client versions of Windows
#
# If you would like to submit a bug report, please visit:
#   http://bugreport.sun.com/bugreport/crash.jsp
#

---------------  T H R E A D  ---------------

Current thread (0x000000000232e000):  JavaThread "Unknown thread" [_thread_in_vm, id=8860, stack(0x00000000025a0000,0x00000000026a0000)]

Stack: [0x00000000025a0000,0x00000000026a0000]
Native frames: (J=compiled Java code, j=interpreted, Vv=VM code, C=native code)
V  [jvm.dll+0x3152fa]
V  [jvm.dll+0x265d03]
V  [jvm.dll+0x266943]
V  [jvm.dll+0x25e1e6]
V  [jvm.dll+0x5e64c]
V  [jvm.dll+0x5e743]
V  [jvm.dll+0x7316a]
V  [jvm.dll+0x734c8]
V  [jvm.dll+0xe3937]
V  [jvm.dll+0xe3cc6]
V  [jvm.dll+0x1f89d7]
V  [jvm.dll+0x229fc4]
V  [jvm.dll+0x14c6f1]
C  [javaw.exe+0x20c6]
C  [javaw.exe+0xc9eb]
C  [javaw.exe+0xca7f]
C  [kernel32.dll+0x1652d]
C  [ntdll.dll+0x2c541]


---------------  P R O C E S S  ---------------

Java Threads: ( => current thread )

Other Threads:

=>0x000000000232e000 (exited) JavaThread "Unknown thread" [_thread_in_vm, id=8860, stack(0x00000000025a0000,0x00000000026a0000)]

VM state:not at safepoint (not fully initialized)

VM Mutex/Monitor currently owned by a thread: None

GC Heap History (0 events):
No events

Deoptimization events (0 events):
No events

Internal exceptions (0 events):
No events

Events (10 events):
Event: 0.008 loading class java/lang/CharSequence done
Event: 0.008 loading class java/lang/String done
Event: 0.008 loading class java/lang/Class
Event: 0.008 loading class java/lang/reflect/AnnotatedElement
Event: 0.008 loading class java/lang/reflect/AnnotatedElement done
Event: 0.008 loading class java/lang/reflect/GenericDeclaration
Event: 0.008 loading class java/lang/reflect/GenericDeclaration done
Event: 0.008 loading class java/lang/reflect/Type
Event: 0.008 loading class java/lang/reflect/Type done
Event: 0.008 loading class java/lang/Class done


Dynamic libraries:
0x000000013fb70000 - 0x000000013fba4000 	C:\Program Files\Java\jre1.8.0_20\bin\javaw.exe
0x00000000773c0000 - 0x0000000077569000 	C:\windows\SYSTEM32\ntdll.dll
0x00000000772a0000 - 0x00000000773bf000 	C:\windows\system32\kernel32.dll
0x000007fefd290000 - 0x000007fefd2fb000 	C:\windows\system32\KERNELBASE.dll
0x000007fefeb90000 - 0x000007fefec6b000 	C:\windows\system32\ADVAPI32.dll
0x000007fefe380000 - 0x000007fefe41f000 	C:\windows\system32\msvcrt.dll
0x000007fefe360000 - 0x000007fefe37f000 	C:\windows\SYSTEM32\sechost.dll
0x000007fefe690000 - 0x000007fefe7bd000 	C:\windows\system32\RPCRT4.dll
0x00000000771a0000 - 0x000000007729a000 	C:\windows\system32\USER32.dll
0x000007fefeb20000 - 0x000007fefeb87000 	C:\windows\system32\GDI32.dll
0x000007fefe890000 - 0x000007fefe89e000 	C:\windows\system32\LPK.dll
0x000007fefe7c0000 - 0x000007fefe889000 	C:\windows\system32\USP10.dll
0x000007fefbd60000 - 0x000007fefbf54000 	C:\windows\WinSxS\amd64_microsoft.windows.common-controls_6595b64144ccf1df_6.0.7601.17514_none_fa396087175ac9ac\COMCTL32.dll
0x000007fefeef0000 - 0x000007fefef61000 	C:\windows\system32\SHLWAPI.dll
0x000007feff310000 - 0x000007feff33e000 	C:\windows\system32\IMM32.DLL
0x000007fefe420000 - 0x000007fefe529000 	C:\windows\system32\MSCTF.dll
0x000007fefd160000 - 0x000007fefd1a0000 	C:\windows\system32\nvinitx.dll
0x000000005fe50000 - 0x000000005ff22000 	C:\Program Files\Java\jre1.8.0_20\bin\msvcr100.dll
0x00000000527c0000 - 0x0000000053018000 	C:\Program Files\Java\jre1.8.0_20\bin\server\jvm.dll
0x000007fef84d0000 - 0x000007fef84d9000 	C:\windows\system32\WSOCK32.dll
0x000007fefeea0000 - 0x000007fefeeed000 	C:\windows\system32\WS2_32.dll
0x000007feff200000 - 0x000007feff208000 	C:\windows\system32\NSI.dll
0x000007fefb140000 - 0x000007fefb17b000 	C:\windows\system32\WINMM.dll
0x0000000077590000 - 0x0000000077597000 	C:\windows\system32\PSAPI.DLL
0x000000006a9a0000 - 0x000000006a9af000 	C:\Program Files\Java\jre1.8.0_20\bin\verify.dll
0x0000000065dc0000 - 0x0000000065de8000 	C:\Program Files\Java\jre1.8.0_20\bin\java.dll
0x000000006a950000 - 0x000000006a966000 	C:\Program Files\Java\jre1.8.0_20\bin\zip.dll
0x000007fef4520000 - 0x000007fef4645000 	C:\windows\system32\dbghelp.dll

VM Arguments:
jvm_args: -Dfile.encoding=Cp1252 -Xbootclasspath:C:\Users\Justin\Documents\Project\adt-bundle-windows-x86_64-20140702\sdk\platforms\android-21\android.jar 
java_command: com.JTA.recipeshoppinglist.IngredientRetriever
java_class_path (initial): C:\Users\Justin\workspace\RecipeShoppingList\bin\classes;C:\Users\Justin\workspace\RecipeShoppingList\libs\android-support-v4.jar;C:\Users\Justin\workspace\RecipeShoppingList\libs\jsoup-1.8.1.jar;C:\Users\Justin\workspace\appcompat_v7\libs\android-support-v7-appcompat.jar;C:\Users\Justin\workspace\appcompat_v7\bin\appcompat_v7.jar
Launcher Type: SUN_STANDARD

Environment Variables:
PATH=C:\ProgramData\Oracle\Java\javapath;C:\Program Files (x86)\Haskell\bin;C:\Program Files (x86)\Haskell Platform\2013.2.0.0\lib\extralibs\bin;C:\Program Files (x86)\Haskell Platform\2013.2.0.0\bin;C:\Program Files (x86)\NVIDIA Corporation\PhysX\Common;C:\Program Files\Common Files\Microsoft Shared\Windows Live;C:\Program Files (x86)\Common Files\Microsoft Shared\Windows Live;C:\windows\system32;C:\windows;C:\windows\System32\Wbem;C:\windows\System32\WindowsPowerShell\v1.0\;C:\Program Files (x86)\Windows Live\Shared;C:\Program Files\MiKTeX 2.9\miktex\bin\x64\;C:\Program Files (x86)\Haskell Platform\2013.2.0.0\mingw\bin;C:\Program Files (x86)\QuickTime\QTSystem\;C:\Program Files\TortoiseSVN\bin;C:\RailsInstaller\Git\cmd;C:\RailsInstaller\Ruby1.9.3\bin;C:\Users\Justin\AppData\Roaming\cabal\bin
USERNAME=Justin
OS=Windows_NT
PROCESSOR_IDENTIFIER=Intel64 Family 6 Model 42 Stepping 7, GenuineIntel



---------------  S Y S T E M  ---------------

OS: Windows 7 , 64 bit Build 7601 Service Pack 1

CPU:total 8 (4 cores per cpu, 2 threads per core) family 6 model 42 stepping 7, cmov, cx8, fxsr, mmx, sse, sse2, sse3, ssse3, sse4.1, sse4.2, popcnt, avx, aes, clmul, ht, tsc, tscinvbit

Memory: 4k page, physical 8293060k(1680232k free), swap 16584256k(8324680k free)

vm_info: Java HotSpot(TM) 64-Bit Server VM (25.20-b23) for windows-amd64 JRE (1.8.0_20-b26), built on Jul 30 2014 13:51:23 by "java_re" with MS VC++ 10.0 (VS2010)

time: Fri Dec 26 22:42:16 2014
elapsed time: 0 seconds (0d 0h 0m 0s)

